<?xml version="1.0" encoding="UTF-8"?>
<coverage generated="1602002891030" clover="3.2.0">
  <project timestamp="1602002891030" name="All files">
    <metrics statements="25" coveredstatements="25" conditionals="0" coveredconditionals="0" methods="6" coveredmethods="6" elements="31" coveredelements="31" complexity="0" loc="25" ncloc="25" packages="1" files="2" classes="2"/>
    <file name="handler.js" path="/Users/zak/dev/cloud-conformity/monitoring-service/src/handler.js">
      <metrics statements="9" coveredstatements="9" conditionals="0" coveredconditionals="0" methods="3" coveredmethods="3"/>
      <line num="2" count="1" type="stmt"/>
      <line num="3" count="1" type="stmt"/>
      <line num="5" count="1" type="stmt"/>
      <line num="6" count="1" type="stmt"/>
      <line num="7" count="1" type="stmt"/>
      <line num="8" count="1" type="stmt"/>
      <line num="9" count="2" type="stmt"/>
      <line num="10" count="2" type="stmt"/>
      <line num="17" count="1" type="stmt"/>
    </file>
    <file name="helper.js" path="/Users/zak/dev/cloud-conformity/monitoring-service/src/helper.js">
      <metrics statements="16" coveredstatements="16" conditionals="0" coveredconditionals="0" methods="3" coveredmethods="3"/>
      <line num="2" count="2" type="stmt"/>
      <line num="3" count="3" type="stmt"/>
      <line num="4" count="3" type="stmt"/>
      <line num="5" count="3" type="stmt"/>
      <line num="6" count="3" type="stmt"/>
      <line num="8" count="3" type="stmt"/>
      <line num="11" count="3" type="stmt"/>
      <line num="12" count="3" type="stmt"/>
      <line num="13" count="2" type="stmt"/>
      <line num="15" count="1" type="stmt"/>
      <line num="19" count="2" type="stmt"/>
      <line num="20" count="2" type="stmt"/>
      <line num="23" count="2" type="stmt"/>
      <line num="24" count="5" type="stmt"/>
      <line num="31" count="5" type="stmt"/>
      <line num="33" count="2" type="stmt"/>
    </file>
  </project>
</coverage>
