TN:
SF:src/handler.js
FN:5,(anonymous_0)
FN:8,(anonymous_1)
FN:9,(anonymous_2)
FNF:3
FNH:3
FNDA:1,(anonymous_0)
FNDA:2,(anonymous_1)
FNDA:2,(anonymous_2)
DA:2,1
DA:3,1
DA:5,1
DA:6,1
DA:7,1
DA:8,1
DA:9,2
DA:10,2
DA:17,1
LF:9
LH:9
BRF:0
BRH:0
end_of_record
TN:
SF:src/helper.js
FN:2,(anonymous_0)
FN:19,(anonymous_1)
FN:23,(anonymous_2)
FNF:3
FNH:3
FNDA:3,(anonymous_0)
FNDA:2,(anonymous_1)
FNDA:5,(anonymous_2)
DA:2,2
DA:3,3
DA:4,3
DA:5,3
DA:6,3
DA:8,3
DA:11,3
DA:12,3
DA:13,2
DA:15,1
DA:19,2
DA:20,2
DA:23,2
DA:24,5
DA:31,5
DA:33,2
LF:16
LH:16
BRF:0
BRH:0
end_of_record
